---
  0 debug pnpm:scope: 
    selected: 1
    workspacePrefix: null
  1 info pnpm: 
    message: "A store server is running. All store manipulations are delegated to it."
    prefix: "/app"
  2 debug pnpm:package-json: 
    initial: 
      name: "shorturl"
      version: "0.0.1"
      description: "API project for freeCodeCamp"
      main: "server.js"
      scripts: 
        start: "node server.js"
      dependencies: 
        express: "^5.0.0-alpha.2"
        mongodb: "^3.3.1"
        mongoose: "^5.6.11"
        cors: "^2.8.1"
        body-parser: "^1.15.2"
      engines: 
        node: "4.4.5"
      repository: 
        type: "git"
        url: "https://hyperdev.com/#!/project/welcome-project"
      keywords: 
        - "node"
        - "hyperdev"
        - "express"
      license: "MIT"
      readme: "# API Project: URL Shortener Microservice for freeCodeCamp\n\n\n### User Stories\n\n1. I can POST a URL to `[project_url]/api/shorturl/new` and I will receive a shortened URL in the JSON response. Example : `{\"original_url\":\"www.google.com\",\"short_url\":1}`\n2. If I pass an invalid URL that doesn't follow the valid `http(s)://www.example.com(/more/routes)` format, the JSON response will contain an error like `{\"error\":\"invalid URL\"}`. *HINT*: to be sure that the submitted url points to a valid site you can use the function `dns.lookup(host, cb)` from the `dns` core module.\n3. When I visit the shortened URL, it will redirect me to my original link.\n\n\n#### Creation Example:\n\nPOST [project_url]/api/shorturl/new - body (urlencoded) :  url=https://www.google.com\n\n#### Usage:\n\n[this_project_url]/api/shorturl/3\n\n#### Will redirect to:\n\nhttps://www.freecodecamp.org/forum/"
      readmeFilename: "README.md"
      gitHead: "fbb1bea4150f51ae2fa12f84f6cd0d24aee8dd47"
      _id: "shorturl@0.0.1"
    prefix: "/app"
  3 debug pnpm:stage: 
    prefix: "/app"
    stage: "resolution_started"
  4 debug pnpm:progress: 
    packageId: "registry.npmjs.org/cors/2.8.5"
    requester: "/app"
    status: "resolved"
  5 debug pnpm:progress: 
    packageId: "registry.npmjs.org/cors/2.8.5"
    requester: "/app"
    status: "found_in_store"
  6 debug pnpm:progress: 
    packageId: "registry.npmjs.org/object-assign/4.1.1"
    requester: "/app"
    status: "resolved"
  7 debug pnpm:progress: 
    packageId: "registry.npmjs.org/vary/1.1.2"
    requester: "/app"
    status: "resolved"
  8 debug pnpm:progress: 
    packageId: "registry.npmjs.org/express/5.0.0-alpha.7"
    requester: "/app"
    status: "resolved"
  9 debug pnpm:progress: 
    packageId: "registry.npmjs.org/mongodb/3.3.2"
    requester: "/app"
    status: "resolved"
  10 debug pnpm:progress: 
    packageId: "registry.npmjs.org/object-assign/4.1.1"
    requester: "/app"
    status: "found_in_store"
  11 debug pnpm:progress: 
    packageId: "registry.npmjs.org/mongoose/5.6.11"
    requester: "/app"
    status: "resolved"
  12 debug pnpm:progress: 
    packageId: "registry.npmjs.org/vary/1.1.2"
    requester: "/app"
    status: "found_in_store"
  13 debug pnpm:progress: 
    packageId: "registry.npmjs.org/body-parser/1.18.3"
    requester: "/app"
    status: "resolved"
  14 debug pnpm:progress: 
    packageId: "registry.npmjs.org/body-parser/1.19.0"
    requester: "/app"
    status: "resolved"
  15 debug pnpm:progress: 
    packageId: "registry.npmjs.org/body-parser/1.18.3"
    requester: "/app"
    status: "found_in_store"
  16 debug pnpm:progress: 
    packageId: "registry.npmjs.org/accepts/1.3.7"
    requester: "/app"
    status: "resolved"
  17 debug pnpm:progress: 
    packageId: "registry.npmjs.org/depd/1.1.2"
    requester: "/app"
    status: "resolved"
  18 debug pnpm:progress: 
    packageId: "registry.npmjs.org/encodeurl/1.0.2"
    requester: "/app"
    status: "resolved"
  19 debug pnpm:progress: 
    packageId: "registry.npmjs.org/content-type/1.0.4"
    requester: "/app"
    status: "resolved"
  20 debug pnpm:progress: 
    packageId: "registry.npmjs.org/mongodb/3.2.7"
    requester: "/app"
    status: "resolved"
  21 debug pnpm:progress: 
    packageId: "registry.npmjs.org/bson/1.1.1"
    requester: "/app"
    status: "resolved"
  22 debug pnpm:progress: 
    packageId: "registry.npmjs.org/require_optional/1.0.1"
    requester: "/app"
    status: "resolved"
  23 debug pnpm:progress: 
    packageId: "registry.npmjs.org/array-flatten/2.1.1"
    requester: "/app"
    status: "resolved"
  24 debug pnpm:progress: 
    packageId: "registry.npmjs.org/content-disposition/0.5.2"
    requester: "/app"
    status: "resolved"
  25 debug pnpm:progress: 
    packageId: "registry.npmjs.org/cookie-signature/1.0.6"
    requester: "/app"
    status: "resolved"
  26 debug pnpm:progress: 
    packageId: "registry.npmjs.org/http-errors/1.6.3"
    requester: "/app"
    status: "resolved"
  27 debug pnpm:progress: 
    packageId: "registry.npmjs.org/on-finished/2.3.0"
    requester: "/app"
    status: "resolved"
  28 debug pnpm:progress: 
    packageId: "registry.npmjs.org/safe-buffer/5.2.0"
    requester: "/app"
    status: "resolved"
  29 debug pnpm:progress: 
    packageId: "registry.npmjs.org/depd/1.1.2"
    requester: "/app"
    status: "found_in_store"
  30 debug pnpm:progress: 
    packageId: "registry.npmjs.org/encodeurl/1.0.2"
    requester: "/app"
    status: "found_in_store"
  31 debug pnpm:progress: 
    packageId: "registry.npmjs.org/content-type/1.0.4"
    requester: "/app"
    status: "found_in_store"
  32 debug pnpm:progress: 
    packageId: "registry.npmjs.org/cookie/0.3.1"
    requester: "/app"
    status: "resolved"
  33 debug pnpm:progress: 
    packageId: "registry.npmjs.org/fresh/0.5.2"
    requester: "/app"
    status: "resolved"
  34 debug pnpm:progress: 
    packageId: "registry.npmjs.org/merge-descriptors/1.0.1"
    requester: "/app"
    status: "resolved"
  35 debug pnpm:progress: 
    packageId: "registry.npmjs.org/path-is-absolute/1.0.1"
    requester: "/app"
    status: "resolved"
  36 debug pnpm:progress: 
    packageId: "registry.npmjs.org/setprototypeof/1.1.0"
    requester: "/app"
    status: "resolved"
  37 debug pnpm:progress: 
    packageId: "registry.npmjs.org/utils-merge/1.0.1"
    requester: "/app"
    status: "resolved"
  38 debug pnpm:progress: 
    packageId: "registry.npmjs.org/safe-buffer/5.1.2"
    requester: "/app"
    status: "resolved"
  39 debug pnpm:progress: 
    packageId: "registry.npmjs.org/type-is/1.6.18"
    requester: "/app"
    status: "resolved"
  40 debug pnpm:progress: 
    packageId: "registry.npmjs.org/mongoose-legacy-pluralize/1.0.2"
    requester: "/app"
    status: "resolved"
  41 debug pnpm:progress: 
    packageId: "registry.npmjs.org/regexp-clone/1.0.0"
    requester: "/app"
    status: "resolved"
  42 debug pnpm:progress: 
    packageId: "registry.npmjs.org/sliced/1.0.1"
    requester: "/app"
    status: "resolved"
  43 debug pnpm:progress: 
    packageId: "registry.npmjs.org/ms/2.1.2"
    requester: "/app"
    status: "resolved"
  44 debug pnpm:progress: 
    packageId: "registry.npmjs.org/bytes/3.0.0"
    requester: "/app"
    status: "resolved"
  45 debug pnpm:progress: 
    packageId: "registry.npmjs.org/array-flatten/2.1.1"
    requester: "/app"
    status: "found_in_store"
  46 debug pnpm:progress: 
    packageId: "registry.npmjs.org/content-disposition/0.5.2"
    requester: "/app"
    status: "found_in_store"
  47 debug pnpm:progress: 
    packageId: "registry.npmjs.org/body-parser/1.19.0"
    requester: "/app"
    status: "found_in_store"
  48 debug pnpm:progress: 
    packageId: "registry.npmjs.org/escape-html/1.0.3"
    requester: "/app"
    status: "resolved"
  49 debug pnpm:progress: 
    packageId: "registry.npmjs.org/etag/1.8.1"
    requester: "/app"
    status: "resolved"
  50 debug pnpm:progress: 
    packageId: "registry.npmjs.org/parseurl/1.3.3"
    requester: "/app"
    status: "resolved"
  51 debug pnpm:progress: 
    packageId: "registry.npmjs.org/statuses/1.4.0"
    requester: "/app"
    status: "resolved"
  52 debug pnpm:progress: 
    packageId: "registry.npmjs.org/methods/1.1.2"
    requester: "/app"
    status: "resolved"
  53 debug pnpm:progress: 
    packageId: "registry.npmjs.org/range-parser/1.2.1"
    requester: "/app"
    status: "resolved"
  54 debug pnpm:progress: 
    packageId: "registry.npmjs.org/proxy-addr/2.0.5"
    requester: "/app"
    status: "resolved"
  55 debug pnpm:progress: 
    packageId: "registry.npmjs.org/mime-types/2.1.24"
    requester: "/app"
    status: "resolved"
  56 debug pnpm:progress: 
    packageId: "registry.npmjs.org/finalhandler/1.1.1"
    requester: "/app"
    status: "resolved"
  57 debug pnpm:progress: 
    packageId: "registry.npmjs.org/mpath/0.6.0"
    requester: "/app"
    status: "resolved"
  58 debug pnpm:progress: 
    packageId: "registry.npmjs.org/semver/5.7.1"
    requester: "/app"
    status: "resolved"
  59 debug pnpm:progress: 
    packageId: "registry.npmjs.org/resolve-from/2.0.0"
    requester: "/app"
    status: "resolved"
  60 debug pnpm:progress: 
    packageId: "registry.npmjs.org/router/2.0.0-alpha.1"
    requester: "/app"
    status: "resolved"
  61 debug pnpm:progress: 
    packageId: "registry.npmjs.org/cookie-signature/1.0.6"
    requester: "/app"
    status: "found_in_store"
  62 debug pnpm:progress: 
    packageId: "registry.npmjs.org/http-errors/1.6.3"
    requester: "/app"
    status: "found_in_store"
  63 debug pnpm:progress: 
    packageId: "registry.npmjs.org/on-finished/2.3.0"
    requester: "/app"
    status: "found_in_store"
  64 debug pnpm:progress: 
    packageId: "registry.npmjs.org/accepts/1.3.7"
    requester: "/app"
    status: "found_in_store"
  65 debug pnpm:progress: 
    packageId: "registry.npmjs.org/serve-static/1.13.2"
    requester: "/app"
    status: "resolved"
  66 debug pnpm:progress: 
    packageId: "registry.npmjs.org/qs/6.5.2"
    requester: "/app"
    status: "resolved"
  67 debug pnpm:progress: 
    packageId: "registry.npmjs.org/kareem/2.3.1"
    requester: "/app"
    status: "resolved"
  68 debug pnpm:progress: 
    packageId: "registry.npmjs.org/http-errors/1.7.2"
    requester: "/app"
    status: "resolved"
  69 debug pnpm:progress: 
    packageId: "registry.npmjs.org/debug/3.1.0"
    requester: "/app"
    status: "resolved"
  70 debug pnpm:progress: 
    packageId: "registry.npmjs.org/send/0.16.2"
    requester: "/app"
    status: "resolved"
  71 debug pnpm:progress: 
    packageId: "registry.npmjs.org/bytes/3.1.0"
    requester: "/app"
    status: "resolved"
  72 debug pnpm:progress: 
    packageId: "registry.npmjs.org/iconv-lite/0.4.23"
    requester: "/app"
    status: "resolved"
  73 debug pnpm:progress: 
    packageId: "registry.npmjs.org/raw-body/2.3.3"
    requester: "/app"
    status: "resolved"
  74 debug pnpm:progress: 
    packageId: "registry.npmjs.org/mquery/3.2.1"
    requester: "/app"
    status: "resolved"
  75 debug pnpm:progress: 
    packageId: "registry.npmjs.org/negotiator/0.6.2"
    requester: "/app"
    status: "resolved"
  76 debug pnpm:progress: 
    packageId: "registry.npmjs.org/require_optional/1.0.1"
    requester: "/app"
    status: "found_in_store"
  77 debug pnpm:progress: 
    packageId: "registry.npmjs.org/statuses/1.5.0"
    requester: "/app"
    status: "resolved"
  78 debug pnpm:progress: 
    packageId: "registry.npmjs.org/sift/7.0.1"
    requester: "/app"
    status: "resolved"
  79 debug pnpm:progress: 
    packageId: "registry.npmjs.org/cookie/0.3.1"
    requester: "/app"
    status: "found_in_store"
  80 debug pnpm:progress: 
    packageId: "registry.npmjs.org/fresh/0.5.2"
    requester: "/app"
    status: "found_in_store"
  81 debug pnpm:progress: 
    packageId: "registry.npmjs.org/merge-descriptors/1.0.1"
    requester: "/app"
    status: "found_in_store"
  82 debug pnpm:progress: 
    packageId: "registry.npmjs.org/path-is-absolute/1.0.1"
    requester: "/app"
    status: "found_in_store"
  83 debug pnpm:progress: 
    packageId: "registry.npmjs.org/setprototypeof/1.1.0"
    requester: "/app"
    status: "found_in_store"
  84 debug pnpm:progress: 
    packageId: "registry.npmjs.org/utils-merge/1.0.1"
    requester: "/app"
    status: "found_in_store"
  85 debug pnpm:progress: 
    packageId: "registry.npmjs.org/safe-buffer/5.1.2"
    requester: "/app"
    status: "found_in_store"
  86 debug pnpm:progress: 
    packageId: "registry.npmjs.org/type-is/1.6.18"
    requester: "/app"
    status: "found_in_store"
  87 debug pnpm:progress: 
    packageId: "registry.npmjs.org/safe-buffer/5.2.0"
    requester: "/app"
    status: "found_in_store"
  88 debug pnpm:progress: 
    packageId: "registry.npmjs.org/express/5.0.0-alpha.7"
    requester: "/app"
    status: "found_in_store"
  89 debug pnpm:progress: 
    packageId: "registry.npmjs.org/async/2.6.2"
    requester: "/app"
    status: "resolved"
  90 debug pnpm:progress: 
    packageId: "registry.npmjs.org/etag/1.8.1"
    requester: "/app"
    status: "found_in_store"
  91 debug pnpm:progress: 
    packageId: "registry.npmjs.org/parseurl/1.3.3"
    requester: "/app"
    status: "found_in_store"
  92 debug pnpm:progress: 
    packageId: "registry.npmjs.org/statuses/1.4.0"
    requester: "/app"
    status: "found_in_store"
  93 debug pnpm:progress: 
    packageId: "registry.npmjs.org/methods/1.1.2"
    requester: "/app"
    status: "found_in_store"
  94 debug pnpm:progress: 
    packageId: "registry.npmjs.org/range-parser/1.2.1"
    requester: "/app"
    status: "found_in_store"
  95 debug pnpm:progress: 
    packageId: "registry.npmjs.org/proxy-addr/2.0.5"
    requester: "/app"
    status: "found_in_store"
  96 debug pnpm:progress: 
    packageId: "registry.npmjs.org/mime-types/2.1.24"
    requester: "/app"
    status: "found_in_store"
  97 debug pnpm:progress: 
    packageId: "registry.npmjs.org/finalhandler/1.1.1"
    requester: "/app"
    status: "found_in_store"
  98 debug pnpm:progress: 
    packageId: "registry.npmjs.org/resolve-from/2.0.0"
    requester: "/app"
    status: "found_in_store"
  99 debug pnpm:progress: 
    packageId: "registry.npmjs.org/router/2.0.0-alpha.1"
    requester: "/app"
    status: "found_in_store"
  100 debug pnpm:progress: 
    packageId: "registry.npmjs.org/mongoose-legacy-pluralize/1.0.2"
    requester: "/app"
    status: "found_in_store"
  101 debug pnpm:progress: 
    packageId: "registry.npmjs.org/regexp-clone/1.0.0"
    requester: "/app"
    status: "found_in_store"
  102 debug pnpm:progress: 
    packageId: "registry.npmjs.org/sliced/1.0.1"
    requester: "/app"
    status: "found_in_store"
  103 debug pnpm:progress: 
    packageId: "registry.npmjs.org/ms/2.1.2"
    requester: "/app"
    status: "found_in_store"
  104 debug pnpm:progress: 
    packageId: "registry.npmjs.org/bytes/3.0.0"
    requester: "/app"
    status: "found_in_store"
  105 debug pnpm:progress: 
    packageId: "registry.npmjs.org/escape-html/1.0.3"
    requester: "/app"
    status: "found_in_store"
  106 debug pnpm:progress: 
    packageId: "registry.npmjs.org/inherits/2.0.3"
    requester: "/app"
    status: "resolved"
  107 debug pnpm:progress: 
    packageId: "registry.npmjs.org/ee-first/1.1.1"
    requester: "/app"
    status: "resolved"
  108 debug pnpm:progress: 
    packageId: "registry.npmjs.org/raw-body/2.4.0"
    requester: "/app"
    status: "resolved"
  109 debug pnpm:progress: 
    packageId: "registry.npmjs.org/iconv-lite/0.4.24"
    requester: "/app"
    status: "resolved"
  110 debug pnpm:progress: 
    packageId: "registry.npmjs.org/semver/5.7.1"
    requester: "/app"
    status: "found_in_store"
  111 debug pnpm:progress: 
    packageId: "registry.npmjs.org/mongodb/3.3.2"
    requester: "/app"
    status: "found_in_store"
  112 debug pnpm:progress: 
    packageId: "registry.npmjs.org/mpath/0.6.0"
    requester: "/app"
    status: "found_in_store"
  113 debug pnpm:progress: 
    packageId: "registry.npmjs.org/debug/2.6.9"
    requester: "/app"
    status: "resolved"
  114 debug pnpm:progress: 
    packageId: "registry.npmjs.org/media-typer/0.3.0"
    requester: "/app"
    status: "resolved"
  115 debug pnpm:progress: 
    packageId: "registry.npmjs.org/serve-static/1.13.2"
    requester: "/app"
    status: "found_in_store"
  116 debug pnpm:progress: 
    packageId: "registry.npmjs.org/qs/6.5.2"
    requester: "/app"
    status: "found_in_store"
  117 debug pnpm:progress: 
    packageId: "registry.npmjs.org/mongodb/3.2.7"
    requester: "/app"
    status: "found_in_store"
  118 debug pnpm:progress: 
    packageId: "registry.npmjs.org/forwarded/0.1.2"
    requester: "/app"
    status: "resolved"
  119 debug pnpm:progress: 
    packageId: "registry.npmjs.org/unpipe/1.0.0"
    requester: "/app"
    status: "resolved"
  120 debug pnpm:progress: 
    packageId: "registry.npmjs.org/qs/6.7.0"
    requester: "/app"
    status: "resolved"
  121 debug pnpm:progress: 
    packageId: "registry.npmjs.org/mongodb-core/3.2.7"
    requester: "/app"
    status: "resolved"
  122 debug pnpm:progress: 
    packageId: "registry.npmjs.org/kareem/2.3.1"
    requester: "/app"
    status: "found_in_store"
  123 debug pnpm:progress: 
    packageId: "registry.npmjs.org/http-errors/1.7.2"
    requester: "/app"
    status: "found_in_store"
  124 debug pnpm:progress: 
    packageId: "registry.npmjs.org/debug/3.1.0"
    requester: "/app"
    status: "found_in_store"
  125 debug pnpm:progress: 
    packageId: "registry.npmjs.org/send/0.16.2"
    requester: "/app"
    status: "found_in_store"
  126 debug pnpm:progress: 
    packageId: "registry.npmjs.org/bytes/3.1.0"
    requester: "/app"
    status: "found_in_store"
  127 debug pnpm:progress: 
    packageId: "registry.npmjs.org/iconv-lite/0.4.23"
    requester: "/app"
    status: "found_in_store"
  128 debug pnpm:progress: 
    packageId: "registry.npmjs.org/raw-body/2.3.3"
    requester: "/app"
    status: "found_in_store"
  129 debug pnpm:progress: 
    packageId: "registry.npmjs.org/mquery/3.2.1"
    requester: "/app"
    status: "found_in_store"
  130 debug pnpm:progress: 
    packageId: "registry.npmjs.org/negotiator/0.6.2"
    requester: "/app"
    status: "found_in_store"
  131 debug pnpm:progress: 
    packageId: "registry.npmjs.org/ipaddr.js/1.9.0"
    requester: "/app"
    status: "resolved"
  132 debug pnpm:progress: 
    packageId: "registry.npmjs.org/mime-db/1.40.0"
    requester: "/app"
    status: "resolved"
  133 debug pnpm:progress: 
    packageId: "registry.npmjs.org/path-to-regexp/0.1.7"
    requester: "/app"
    status: "resolved"
  134 debug pnpm:progress: 
    packageId: "registry.npmjs.org/toidentifier/1.0.0"
    requester: "/app"
    status: "resolved"
  135 debug pnpm:progress: 
    packageId: "registry.npmjs.org/ms/2.0.0"
    requester: "/app"
    status: "resolved"
  136 debug pnpm:progress: 
    packageId: "registry.npmjs.org/destroy/1.0.4"
    requester: "/app"
    status: "resolved"
  137 debug pnpm:progress: 
    packageId: "registry.npmjs.org/setprototypeof/1.1.1"
    requester: "/app"
    status: "resolved"
  138 debug pnpm:progress: 
    packageId: "registry.npmjs.org/statuses/1.5.0"
    requester: "/app"
    status: "found_in_store"
  139 debug pnpm:progress: 
    packageId: "registry.npmjs.org/sift/7.0.1"
    requester: "/app"
    status: "found_in_store"
  140 debug pnpm:progress: 
    packageId: "registry.npmjs.org/async/2.6.2"
    requester: "/app"
    status: "found_in_store"
  141 debug pnpm:progress: 
    packageId: "registry.npmjs.org/inherits/2.0.3"
    requester: "/app"
    status: "found_in_store"
  142 debug pnpm:progress: 
    packageId: "registry.npmjs.org/ee-first/1.1.1"
    requester: "/app"
    status: "found_in_store"
  143 debug pnpm:progress: 
    packageId: "registry.npmjs.org/raw-body/2.4.0"
    requester: "/app"
    status: "found_in_store"
  144 debug pnpm:progress: 
    packageId: "registry.npmjs.org/iconv-lite/0.4.24"
    requester: "/app"
    status: "found_in_store"
  145 debug pnpm:progress: 
    packageId: "registry.npmjs.org/mongoose/5.6.11"
    requester: "/app"
    status: "found_in_store"
  146 debug pnpm:progress: 
    packageId: "registry.npmjs.org/lodash/4.17.15"
    requester: "/app"
    status: "resolved"
  147 debug pnpm:progress: 
    packageId: "registry.npmjs.org/safer-buffer/2.1.2"
    requester: "/app"
    status: "resolved"
  148 debug pnpm:progress: 
    packageId: "registry.npmjs.org/mime/1.4.1"
    requester: "/app"
    status: "resolved"
  149 debug pnpm:progress: 
    packageId: "registry.npmjs.org/debug/2.6.9"
    requester: "/app"
    status: "found_in_store"
  150 debug pnpm:progress: 
    packageId: "registry.npmjs.org/media-typer/0.3.0"
    requester: "/app"
    status: "found_in_store"
  151 debug pnpm:progress: 
    packageId: "registry.npmjs.org/forwarded/0.1.2"
    requester: "/app"
    status: "found_in_store"
  152 debug pnpm:progress: 
    packageId: "registry.npmjs.org/unpipe/1.0.0"
    requester: "/app"
    status: "found_in_store"
  153 debug pnpm:progress: 
    packageId: "registry.npmjs.org/qs/6.7.0"
    requester: "/app"
    status: "found_in_store"
  154 debug pnpm:progress: 
    packageId: "registry.npmjs.org/mongodb-core/3.2.7"
    requester: "/app"
    status: "found_in_store"
  155 debug pnpm:progress: 
    packageId: "registry.npmjs.org/saslprep/1.0.3"
    requester: "/app"
    status: "resolved"
  156 debug pnpm:progress: 
    packageId: "registry.npmjs.org/bson/1.1.1"
    requester: "/app"
    status: "found_in_store"
  157 debug pnpm:progress: 
    packageId: "registry.npmjs.org/bluebird/3.5.1"
    requester: "/app"
    status: "resolved"
  158 debug pnpm:progress: 
    packageId: "registry.npmjs.org/ipaddr.js/1.9.0"
    requester: "/app"
    status: "found_in_store"
  159 debug pnpm:progress: 
    packageId: "registry.npmjs.org/mime-db/1.40.0"
    requester: "/app"
    status: "found_in_store"
  160 debug pnpm:progress: 
    packageId: "registry.npmjs.org/path-to-regexp/0.1.7"
    requester: "/app"
    status: "found_in_store"
  161 debug pnpm:progress: 
    packageId: "registry.npmjs.org/toidentifier/1.0.0"
    requester: "/app"
    status: "found_in_store"
  162 debug pnpm:progress: 
    packageId: "registry.npmjs.org/ms/2.0.0"
    requester: "/app"
    status: "found_in_store"
  163 debug pnpm:progress: 
    packageId: "registry.npmjs.org/destroy/1.0.4"
    requester: "/app"
    status: "found_in_store"
  164 debug pnpm:progress: 
    packageId: "registry.npmjs.org/setprototypeof/1.1.1"
    requester: "/app"
    status: "found_in_store"
  165 debug pnpm:progress: 
    packageId: "registry.npmjs.org/safer-buffer/2.1.2"
    requester: "/app"
    status: "found_in_store"
  166 debug pnpm:progress: 
    packageId: "registry.npmjs.org/mime/1.4.1"
    requester: "/app"
    status: "found_in_store"
  167 debug pnpm:progress: 
    packageId: "registry.npmjs.org/bluebird/3.5.1"
    requester: "/app"
    status: "found_in_store"
  168 debug pnpm:progress: 
    packageId: "registry.npmjs.org/sparse-bitfield/3.0.3"
    requester: "/app"
    status: "resolved"
  169 debug pnpm:progress: 
    packageId: "registry.npmjs.org/memory-pager/1.5.0"
    requester: "/app"
    status: "resolved"
  170 debug pnpm:stage: 
    prefix: "/app"
    stage: "resolution_done"
  171 debug pnpm:package-json: 
    prefix: "/app"
    updated: 
      name: "shorturl"
      version: "0.0.1"
      description: "API project for freeCodeCamp"
      main: "server.js"
      scripts: 
        start: "node server.js"
      dependencies: 
        express: "^5.0.0-alpha.2"
        mongodb: "^3.3.1"
        mongoose: "^5.6.11"
        cors: "^2.8.1"
        body-parser: "^1.15.2"
      engines: 
        node: "4.4.5"
      repository: 
        type: "git"
        url: "https://hyperdev.com/#!/project/welcome-project"
      keywords: 
        - "node"
        - "hyperdev"
        - "express"
      license: "MIT"
      readme: "# API Project: URL Shortener Microservice for freeCodeCamp\n\n\n### User Stories\n\n1. I can POST a URL to `[project_url]/api/shorturl/new` and I will receive a shortened URL in the JSON response. Example : `{\"original_url\":\"www.google.com\",\"short_url\":1}`\n2. If I pass an invalid URL that doesn't follow the valid `http(s)://www.example.com(/more/routes)` format, the JSON response will contain an error like `{\"error\":\"invalid URL\"}`. *HINT*: to be sure that the submitted url points to a valid site you can use the function `dns.lookup(host, cb)` from the `dns` core module.\n3. When I visit the shortened URL, it will redirect me to my original link.\n\n\n#### Creation Example:\n\nPOST [project_url]/api/shorturl/new - body (urlencoded) :  url=https://www.google.com\n\n#### Usage:\n\n[this_project_url]/api/shorturl/3\n\n#### Will redirect to:\n\nhttps://www.freecodecamp.org/forum/"
      readmeFilename: "README.md"
      gitHead: "fbb1bea4150f51ae2fa12f84f6cd0d24aee8dd47"
      _id: "shorturl@0.0.1"
  172 debug pnpm:progress: 
    packageId: "registry.npmjs.org/sparse-bitfield/3.0.3"
    requester: "/app"
    status: "found_in_store"
  173 debug pnpm:progress: 
    packageId: "registry.npmjs.org/memory-pager/1.5.0"
    requester: "/app"
    status: "found_in_store"
  174 debug pnpm:progress: 
    packageId: "registry.npmjs.org/saslprep/1.0.3"
    requester: "/app"
    status: "found_in_store"
  175 debug pnpm:progress: 
    packageId: "registry.npmjs.org/lodash/4.17.15"
    requester: "/app"
    status: "found_in_store"
  176 debug pnpm:removal: "/rbd/pnpm-volume/bb8dacb0-7b4b-4134-aedb-76df88c1e377/node_modules/express"
  177 debug pnpm:removal: "/rbd/pnpm-volume/bb8dacb0-7b4b-4134-aedb-76df88c1e377/node_modules/mongodb"
  178 debug pnpm:root: 
    prefix: "/app"
    removed: 
      dependencyType: "prod"
      name: "express"
      version: "5.0.0-alpha.7"
  179 debug pnpm:root: 
    prefix: "/app"
    removed: 
      dependencyType: "prod"
      name: "mongodb"
      version: "3.3.2"
  180 debug pnpm:stats: 
    prefix: "/app"
    removed: 12
  181 debug pnpm:removal: "/rbd/pnpm-volume/bb8dacb0-7b4b-4134-aedb-76df88c1e377/node_modules/array-flatten"
  182 debug pnpm:removal: "/rbd/pnpm-volume/bb8dacb0-7b4b-4134-aedb-76df88c1e377/node_modules/content-disposition"
  183 debug pnpm:removal: "/rbd/pnpm-volume/bb8dacb0-7b4b-4134-aedb-76df88c1e377/node_modules/cookie"
  184 debug pnpm:removal: "/rbd/pnpm-volume/bb8dacb0-7b4b-4134-aedb-76df88c1e377/node_modules/finalhandler"
  185 debug pnpm:removal: "/rbd/pnpm-volume/bb8dacb0-7b4b-4134-aedb-76df88c1e377/node_modules/mime"
  186 debug pnpm:removal: "/rbd/pnpm-volume/bb8dacb0-7b4b-4134-aedb-76df88c1e377/node_modules/send"
  187 debug pnpm:removal: "/rbd/pnpm-volume/bb8dacb0-7b4b-4134-aedb-76df88c1e377/node_modules/serve-static"
  188 debug pnpm:removal: "/app/node_modules/.bin/mime"
  189 debug pnpm:removal: "/rbd/pnpm-volume/bb8dacb0-7b4b-4134-aedb-76df88c1e377/node_modules/.registry.npmjs.org/array-flatten/1.1.1/node_modules"
  190 debug pnpm:removal: "/rbd/pnpm-volume/bb8dacb0-7b4b-4134-aedb-76df88c1e377/node_modules/.registry.npmjs.org/content-disposition/0.5.3/node_modules"
  191 debug pnpm:removal: "/rbd/pnpm-volume/bb8dacb0-7b4b-4134-aedb-76df88c1e377/node_modules/.registry.npmjs.org/cookie/0.4.0/node_modules"
  192 debug pnpm:removal: "/rbd/pnpm-volume/bb8dacb0-7b4b-4134-aedb-76df88c1e377/node_modules/.registry.npmjs.org/express/4.17.1/node_modules"
  193 debug pnpm:removal: "/rbd/pnpm-volume/bb8dacb0-7b4b-4134-aedb-76df88c1e377/node_modules/.registry.npmjs.org/finalhandler/1.1.2/node_modules"
  194 debug pnpm:removal: "/rbd/pnpm-volume/bb8dacb0-7b4b-4134-aedb-76df88c1e377/node_modules/.registry.npmjs.org/http-errors/1.7.3/node_modules"
  195 debug pnpm:removal: "/rbd/pnpm-volume/bb8dacb0-7b4b-4134-aedb-76df88c1e377/node_modules/.registry.npmjs.org/inherits/2.0.4/node_modules"
  196 debug pnpm:removal: "/rbd/pnpm-volume/bb8dacb0-7b4b-4134-aedb-76df88c1e377/node_modules/.registry.npmjs.org/mime/1.6.0/node_modules"
  197 debug pnpm:removal: "/rbd/pnpm-volume/bb8dacb0-7b4b-4134-aedb-76df88c1e377/node_modules/.registry.npmjs.org/mongodb/3.3.1/node_modules"
  198 debug pnpm:removal: "/rbd/pnpm-volume/bb8dacb0-7b4b-4134-aedb-76df88c1e377/node_modules/.registry.npmjs.org/ms/2.1.1/node_modules"
  199 debug pnpm:removal: "/rbd/pnpm-volume/bb8dacb0-7b4b-4134-aedb-76df88c1e377/node_modules/.registry.npmjs.org/send/0.17.1/node_modules"
  200 debug pnpm:removal: "/rbd/pnpm-volume/bb8dacb0-7b4b-4134-aedb-76df88c1e377/node_modules/.registry.npmjs.org/serve-static/1.14.1/node_modules"
  201 debug pnpm:stage: 
    prefix: "/app"
    stage: "importing_started"
  202 debug pnpm:stats: 
    added: 19
    prefix: "/app"
  203 debug pnpm:link: 
    target: "/rbd/pnpm-volume/bb8dacb0-7b4b-4134-aedb-76df88c1e377/node_modules/.registry.npmjs.org/accepts/1.3.7/node_modules/accepts"
    link: "/rbd/pnpm-volume/bb8dacb0-7b4b-4134-aedb-76df88c1e377/node_modules/.registry.npmjs.org/express/5.0.0-alpha.7/node_modules/accepts"
  204 debug pnpm:link: 
    target: "/rbd/pnpm-volume/bb8dacb0-7b4b-4134-aedb-76df88c1e377/node_modules/.registry.npmjs.org/array-flatten/2.1.1/node_modules/array-flatten"
    link: "/rbd/pnpm-volume/bb8dacb0-7b4b-4134-aedb-76df88c1e377/node_modules/.registry.npmjs.org/express/5.0.0-alpha.7/node_modules/array-flatten"
  205 debug pnpm:link: 
    target: "/rbd/pnpm-volume/bb8dacb0-7b4b-4134-aedb-76df88c1e377/node_modules/.registry.npmjs.org/body-parser/1.18.3/node_modules/body-parser"
    link: "/rbd/pnpm-volume/bb8dacb0-7b4b-4134-aedb-76df88c1e377/node_modules/.registry.npmjs.org/express/5.0.0-alpha.7/node_modules/body-parser"
  206 debug pnpm:link: 
    target: "/rbd/pnpm-volume/bb8dacb0-7b4b-4134-aedb-76df88c1e377/node_modules/.registry.npmjs.org/content-disposition/0.5.2/node_modules/content-disposition"
    link: "/rbd/pnpm-volume/bb8dacb0-7b4b-4134-aedb-76df88c1e377/node_modules/.registry.npmjs.org/express/5.0.0-alpha.7/node_modules/content-disposition"
  207 debug pnpm:link: 
    target: "/rbd/pnpm-volume/bb8dacb0-7b4b-4134-aedb-76df88c1e377/node_modules/.registry.npmjs.org/content-type/1.0.4/node_modules/content-type"
    link: "/rbd/pnpm-volume/bb8dacb0-7b4b-4134-aedb-76df88c1e377/node_modules/.registry.npmjs.org/express/5.0.0-alpha.7/node_modules/content-type"
  208 debug pnpm:link: 
    target: "/rbd/pnpm-volume/bb8dacb0-7b4b-4134-aedb-76df88c1e377/node_modules/.registry.npmjs.org/cookie/0.3.1/node_modules/cookie"
    link: "/rbd/pnpm-volume/bb8dacb0-7b4b-4134-aedb-76df88c1e377/node_modules/.registry.npmjs.org/express/5.0.0-alpha.7/node_modules/cookie"
  209 debug pnpm:link: 
    target: "/rbd/pnpm-volume/bb8dacb0-7b4b-4134-aedb-76df88c1e377/node_modules/.registry.npmjs.org/cookie-signature/1.0.6/node_modules/cookie-signature"
    link: "/rbd/pnpm-volume/bb8dacb0-7b4b-4134-aedb-76df88c1e377/node_modules/.registry.npmjs.org/express/5.0.0-alpha.7/node_modules/cookie-signature"
  210 debug pnpm:link: 
    target: "/rbd/pnpm-volume/bb8dacb0-7b4b-4134-aedb-76df88c1e377/node_modules/.registry.npmjs.org/debug/3.1.0/node_modules/debug"
    link: "/rbd/pnpm-volume/bb8dacb0-7b4b-4134-aedb-76df88c1e377/node_modules/.registry.npmjs.org/express/5.0.0-alpha.7/node_modules/debug"
  211 debug pnpm:link: 
    target: "/rbd/pnpm-volume/bb8dacb0-7b4b-4134-aedb-76df88c1e377/node_modules/.registry.npmjs.org/depd/1.1.2/node_modules/depd"
    link: "/rbd/pnpm-volume/bb8dacb0-7b4b-4134-aedb-76df88c1e377/node_modules/.registry.npmjs.org/express/5.0.0-alpha.7/node_modules/depd"
  212 debug pnpm:link: 
    target: "/rbd/pnpm-volume/bb8dacb0-7b4b-4134-aedb-76df88c1e377/node_modules/.registry.npmjs.org/encodeurl/1.0.2/node_modules/encodeurl"
    link: "/rbd/pnpm-volume/bb8dacb0-7b4b-4134-aedb-76df88c1e377/node_modules/.registry.npmjs.org/express/5.0.0-alpha.7/node_modules/encodeurl"
  213 debug pnpm:link: 
    target: "/rbd/pnpm-volume/bb8dacb0-7b4b-4134-aedb-76df88c1e377/node_modules/.registry.npmjs.org/escape-html/1.0.3/node_modules/escape-html"
    link: "/rbd/pnpm-volume/bb8dacb0-7b4b-4134-aedb-76df88c1e377/node_modules/.registry.npmjs.org/express/5.0.0-alpha.7/node_modules/escape-html"
  214 debug pnpm:link: 
    target: "/rbd/pnpm-volume/bb8dacb0-7b4b-4134-aedb-76df88c1e377/node_modules/.registry.npmjs.org/etag/1.8.1/node_modules/etag"
    link: "/rbd/pnpm-volume/bb8dacb0-7b4b-4134-aedb-76df88c1e377/node_modules/.registry.npmjs.org/express/5.0.0-alpha.7/node_modules/etag"
  215 debug pnpm:link: 
    target: "/rbd/pnpm-volume/bb8dacb0-7b4b-4134-aedb-76df88c1e377/node_modules/.registry.npmjs.org/finalhandler/1.1.1/node_modules/finalhandler"
    link: "/rbd/pnpm-volume/bb8dacb0-7b4b-4134-aedb-76df88c1e377/node_modules/.registry.npmjs.org/express/5.0.0-alpha.7/node_modules/finalhandler"
  216 debug pnpm:link: 
    target: "/rbd/pnpm-volume/bb8dacb0-7b4b-4134-aedb-76df88c1e377/node_modules/.registry.npmjs.org/fresh/0.5.2/node_modules/fresh"
    link: "/rbd/pnpm-volume/bb8dacb0-7b4b-4134-aedb-76df88c1e377/node_modules/.registry.npmjs.org/express/5.0.0-alpha.7/node_modules/fresh"
  217 debug pnpm:link: 
    target: "/rbd/pnpm-volume/bb8dacb0-7b4b-4134-aedb-76df88c1e377/node_modules/.registry.npmjs.org/merge-descriptors/1.0.1/node_modules/merge-descriptors"
    link: "/rbd/pnpm-volume/bb8dacb0-7b4b-4134-aedb-76df88c1e377/node_modules/.registry.npmjs.org/express/5.0.0-alpha.7/node_modules/merge-descriptors"
  218 debug pnpm:link: 
    target: "/rbd/pnpm-volume/bb8dacb0-7b4b-4134-aedb-76df88c1e377/node_modules/.registry.npmjs.org/methods/1.1.2/node_modules/methods"
    link: "/rbd/pnpm-volume/bb8dacb0-7b4b-4134-aedb-76df88c1e377/node_modules/.registry.npmjs.org/express/5.0.0-alpha.7/node_modules/methods"
  219 debug pnpm:link: 
    target: "/rbd/pnpm-volume/bb8dacb0-7b4b-4134-aedb-76df88c1e377/node_modules/.registry.npmjs.org/on-finished/2.3.0/node_modules/on-finished"
    link: "/rbd/pnpm-volume/bb8dacb0-7b4b-4134-aedb-76df88c1e377/node_modules/.registry.npmjs.org/express/5.0.0-alpha.7/node_modules/on-finished"
  220 debug pnpm:link: 
    target: "/rbd/pnpm-volume/bb8dacb0-7b4b-4134-aedb-76df88c1e377/node_modules/.registry.npmjs.org/parseurl/1.3.3/node_modules/parseurl"
    link: "/rbd/pnpm-volume/bb8dacb0-7b4b-4134-aedb-76df88c1e377/node_modules/.registry.npmjs.org/express/5.0.0-alpha.7/node_modules/parseurl"
  221 debug pnpm:link: 
    target: "/rbd/pnpm-volume/bb8dacb0-7b4b-4134-aedb-76df88c1e377/node_modules/.registry.npmjs.org/path-is-absolute/1.0.1/node_modules/path-is-absolute"
    link: "/rbd/pnpm-volume/bb8dacb0-7b4b-4134-aedb-76df88c1e377/node_modules/.registry.npmjs.org/express/5.0.0-alpha.7/node_modules/path-is-absolute"
  222 debug pnpm:link: 
    target: "/rbd/pnpm-volume/bb8dacb0-7b4b-4134-aedb-76df88c1e377/node_modules/.registry.npmjs.org/proxy-addr/2.0.5/node_modules/proxy-addr"
    link: "/rbd/pnpm-volume/bb8dacb0-7b4b-4134-aedb-76df88c1e377/node_modules/.registry.npmjs.org/express/5.0.0-alpha.7/node_modules/proxy-addr"
  223 debug pnpm:link: 
    target: "/rbd/pnpm-volume/bb8dacb0-7b4b-4134-aedb-76df88c1e377/node_modules/.registry.npmjs.org/qs/6.5.2/node_modules/qs"
    link: "/rbd/pnpm-volume/bb8dacb0-7b4b-4134-aedb-76df88c1e377/node_modules/.registry.npmjs.org/express/5.0.0-alpha.7/node_modules/qs"
  224 debug pnpm:link: 
    target: "/rbd/pnpm-volume/bb8dacb0-7b4b-4134-aedb-76df88c1e377/node_modules/.registry.npmjs.org/range-parser/1.2.1/node_modules/range-parser"
    link: "/rbd/pnpm-volume/bb8dacb0-7b4b-4134-aedb-76df88c1e377/node_modules/.registry.npmjs.org/express/5.0.0-alpha.7/node_modules/range-parser"
  225 debug pnpm:link: 
    target: "/rbd/pnpm-volume/bb8dacb0-7b4b-4134-aedb-76df88c1e377/node_modules/.registry.npmjs.org/router/2.0.0-alpha.1/node_modules/router"
    link: "/rbd/pnpm-volume/bb8dacb0-7b4b-4134-aedb-76df88c1e377/node_modules/.registry.npmjs.org/express/5.0.0-alpha.7/node_modules/router"
  226 debug pnpm:link: 
    target: "/rbd/pnpm-volume/bb8dacb0-7b4b-4134-aedb-76df88c1e377/node_modules/.registry.npmjs.org/safe-buffer/5.1.2/node_modules/safe-buffer"
    link: "/rbd/pnpm-volume/bb8dacb0-7b4b-4134-aedb-76df88c1e377/node_modules/.registry.npmjs.org/express/5.0.0-alpha.7/node_modules/safe-buffer"
  227 debug pnpm:link: 
    target: "/rbd/pnpm-volume/bb8dacb0-7b4b-4134-aedb-76df88c1e377/node_modules/.registry.npmjs.org/send/0.16.2/node_modules/send"
    link: "/rbd/pnpm-volume/bb8dacb0-7b4b-4134-aedb-76df88c1e377/node_modules/.registry.npmjs.org/express/5.0.0-alpha.7/node_modules/send"
  228 debug pnpm:link: 
    target: "/rbd/pnpm-volume/bb8dacb0-7b4b-4134-aedb-76df88c1e377/node_modules/.registry.npmjs.org/serve-static/1.13.2/node_modules/serve-static"
    link: "/rbd/pnpm-volume/bb8dacb0-7b4b-4134-aedb-76df88c1e377/node_modules/.registry.npmjs.org/express/5.0.0-alpha.7/node_modules/serve-static"
  229 debug pnpm:link: 
    target: "/rbd/pnpm-volume/bb8dacb0-7b4b-4134-aedb-76df88c1e377/node_modules/.registry.npmjs.org/setprototypeof/1.1.0/node_modules/setprototypeof"
    link: "/rbd/pnpm-volume/bb8dacb0-7b4b-4134-aedb-76df88c1e377/node_modules/.registry.npmjs.org/express/5.0.0-alpha.7/node_modules/setprototypeof"
  230 debug pnpm:link: 
    target: "/rbd/pnpm-volume/bb8dacb0-7b4b-4134-aedb-76df88c1e377/node_modules/.registry.npmjs.org/statuses/1.4.0/node_modules/statuses"
    link: "/rbd/pnpm-volume/bb8dacb0-7b4b-4134-aedb-76df88c1e377/node_modules/.registry.npmjs.org/express/5.0.0-alpha.7/node_modules/statuses"
  231 debug pnpm:link: 
    target: "/rbd/pnpm-volume/bb8dacb0-7b4b-4134-aedb-76df88c1e377/node_modules/.registry.npmjs.org/type-is/1.6.18/node_modules/type-is"
    link: "/rbd/pnpm-volume/bb8dacb0-7b4b-4134-aedb-76df88c1e377/node_modules/.registry.npmjs.org/express/5.0.0-alpha.7/node_modules/type-is"
  232 debug pnpm:link: 
    target: "/rbd/pnpm-volume/bb8dacb0-7b4b-4134-aedb-76df88c1e377/node_modules/.registry.npmjs.org/utils-merge/1.0.1/node_modules/utils-merge"
    link: "/rbd/pnpm-volume/bb8dacb0-7b4b-4134-aedb-76df88c1e377/node_modules/.registry.npmjs.org/express/5.0.0-alpha.7/node_modules/utils-merge"
  233 debug pnpm:link: 
    target: "/rbd/pnpm-volume/bb8dacb0-7b4b-4134-aedb-76df88c1e377/node_modules/.registry.npmjs.org/vary/1.1.2/node_modules/vary"
    link: "/rbd/pnpm-volume/bb8dacb0-7b4b-4134-aedb-76df88c1e377/node_modules/.registry.npmjs.org/express/5.0.0-alpha.7/node_modules/vary"
  234 debug pnpm:link: 
    target: "/rbd/pnpm-volume/bb8dacb0-7b4b-4134-aedb-76df88c1e377/node_modules/.registry.npmjs.org/bytes/3.0.0/node_modules/bytes"
    link: "/rbd/pnpm-volume/bb8dacb0-7b4b-4134-aedb-76df88c1e377/node_modules/.registry.npmjs.org/body-parser/1.18.3/node_modules/bytes"
  235 debug pnpm:link: 
    target: "/rbd/pnpm-volume/bb8dacb0-7b4b-4134-aedb-76df88c1e377/node_modules/.registry.npmjs.org/content-type/1.0.4/node_modules/content-type"
    link: "/rbd/pnpm-volume/bb8dacb0-7b4b-4134-aedb-76df88c1e377/node_modules/.registry.npmjs.org/body-parser/1.18.3/node_modules/content-type"
  236 debug pnpm:link: 
    target: "/rbd/pnpm-volume/bb8dacb0-7b4b-4134-aedb-76df88c1e377/node_modules/.registry.npmjs.org/debug/2.6.9/node_modules/debug"
    link: "/rbd/pnpm-volume/bb8dacb0-7b4b-4134-aedb-76df88c1e377/node_modules/.registry.npmjs.org/body-parser/1.18.3/node_modules/debug"
  237 debug pnpm:link: 
    target: "/rbd/pnpm-volume/bb8dacb0-7b4b-4134-aedb-76df88c1e377/node_modules/.registry.npmjs.org/depd/1.1.2/node_modules/depd"
    link: "/rbd/pnpm-volume/bb8dacb0-7b4b-4134-aedb-76df88c1e377/node_modules/.registry.npmjs.org/body-parser/1.18.3/node_modules/depd"
  238 debug pnpm:link: 
    target: "/rbd/pnpm-volume/bb8dacb0-7b4b-4134-aedb-76df88c1e377/node_modules/.registry.npmjs.org/http-errors/1.6.3/node_modules/http-errors"
    link: "/rbd/pnpm-volume/bb8dacb0-7b4b-4134-aedb-76df88c1e377/node_modules/.registry.npmjs.org/body-parser/1.18.3/node_modules/http-errors"
  239 debug pnpm:link: 
    target: "/rbd/pnpm-volume/bb8dacb0-7b4b-4134-aedb-76df88c1e377/node_modules/.registry.npmjs.org/iconv-lite/0.4.23/node_modules/iconv-lite"
    link: "/rbd/pnpm-volume/bb8dacb0-7b4b-4134-aedb-76df88c1e377/node_modules/.registry.npmjs.org/body-parser/1.18.3/node_modules/iconv-lite"
  240 debug pnpm:link: 
    target: "/rbd/pnpm-volume/bb8dacb0-7b4b-4134-aedb-76df88c1e377/node_modules/.registry.npmjs.org/on-finished/2.3.0/node_modules/on-finished"
    link: "/rbd/pnpm-volume/bb8dacb0-7b4b-4134-aedb-76df88c1e377/node_modules/.registry.npmjs.org/body-parser/1.18.3/node_modules/on-finished"
  241 debug pnpm:link: 
    target: "/rbd/pnpm-volume/bb8dacb0-7b4b-4134-aedb-76df88c1e377/node_modules/.registry.npmjs.org/qs/6.5.2/node_modules/qs"
    link: "/rbd/pnpm-volume/bb8dacb0-7b4b-4134-aedb-76df88c1e377/node_modules/.registry.npmjs.org/body-parser/1.18.3/node_modules/qs"
  242 debug pnpm:link: 
    target: "/rbd/pnpm-volume/bb8dacb0-7b4b-4134-aedb-76df88c1e377/node_modules/.registry.npmjs.org/raw-body/2.3.3/node_modules/raw-body"
    link: "/rbd/pnpm-volume/bb8dacb0-7b4b-4134-aedb-76df88c1e377/node_modules/.registry.npmjs.org/body-parser/1.18.3/node_modules/raw-body"
  243 debug pnpm:link: 
    target: "/rbd/pnpm-volume/bb8dacb0-7b4b-4134-aedb-76df88c1e377/node_modules/.registry.npmjs.org/type-is/1.6.18/node_modules/type-is"
    link: "/rbd/pnpm-volume/bb8dacb0-7b4b-4134-aedb-76df88c1e377/node_modules/.registry.npmjs.org/body-parser/1.18.3/node_modules/type-is"
  244 debug pnpm:link: 
    target: "/rbd/pnpm-volume/bb8dacb0-7b4b-4134-aedb-76df88c1e377/node_modules/.registry.npmjs.org/depd/1.1.2/node_modules/depd"
    link: "/rbd/pnpm-volume/bb8dacb0-7b4b-4134-aedb-76df88c1e377/node_modules/.registry.npmjs.org/http-errors/1.6.3/node_modules/depd"
  245 debug pnpm:link: 
    target: "/rbd/pnpm-volume/bb8dacb0-7b4b-4134-aedb-76df88c1e377/node_modules/.registry.npmjs.org/inherits/2.0.3/node_modules/inherits"
    link: "/rbd/pnpm-volume/bb8dacb0-7b4b-4134-aedb-76df88c1e377/node_modules/.registry.npmjs.org/http-errors/1.6.3/node_modules/inherits"
  246 debug pnpm:link: 
    target: "/rbd/pnpm-volume/bb8dacb0-7b4b-4134-aedb-76df88c1e377/node_modules/.registry.npmjs.org/setprototypeof/1.1.0/node_modules/setprototypeof"
    link: "/rbd/pnpm-volume/bb8dacb0-7b4b-4134-aedb-76df88c1e377/node_modules/.registry.npmjs.org/http-errors/1.6.3/node_modules/setprototypeof"
  247 debug pnpm:link: 
    target: "/rbd/pnpm-volume/bb8dacb0-7b4b-4134-aedb-76df88c1e377/node_modules/.registry.npmjs.org/statuses/1.5.0/node_modules/statuses"
    link: "/rbd/pnpm-volume/bb8dacb0-7b4b-4134-aedb-76df88c1e377/node_modules/.registry.npmjs.org/http-errors/1.6.3/node_modules/statuses"
  248 debug pnpm:link: 
    target: "/rbd/pnpm-volume/bb8dacb0-7b4b-4134-aedb-76df88c1e377/node_modules/.registry.npmjs.org/safer-buffer/2.1.2/node_modules/safer-buffer"
    link: "/rbd/pnpm-volume/bb8dacb0-7b4b-4134-aedb-76df88c1e377/node_modules/.registry.npmjs.org/iconv-lite/0.4.23/node_modules/safer-buffer"
  249 debug pnpm:link: 
    target: "/rbd/pnpm-volume/bb8dacb0-7b4b-4134-aedb-76df88c1e377/node_modules/.registry.npmjs.org/bytes/3.0.0/node_modules/bytes"
    link: "/rbd/pnpm-volume/bb8dacb0-7b4b-4134-aedb-76df88c1e377/node_modules/.registry.npmjs.org/raw-body/2.3.3/node_modules/bytes"
  250 debug pnpm:link: 
    target: "/rbd/pnpm-volume/bb8dacb0-7b4b-4134-aedb-76df88c1e377/node_modules/.registry.npmjs.org/http-errors/1.6.3/node_modules/http-errors"
    link: "/rbd/pnpm-volume/bb8dacb0-7b4b-4134-aedb-76df88c1e377/node_modules/.registry.npmjs.org/raw-body/2.3.3/node_modules/http-errors"
  251 debug pnpm:link: 
    target: "/rbd/pnpm-volume/bb8dacb0-7b4b-4134-aedb-76df88c1e377/node_modules/.registry.npmjs.org/iconv-lite/0.4.23/node_modules/iconv-lite"
    link: "/rbd/pnpm-volume/bb8dacb0-7b4b-4134-aedb-76df88c1e377/node_modules/.registry.npmjs.org/raw-body/2.3.3/node_modules/iconv-lite"
  252 debug pnpm:link: 
    target: "/rbd/pnpm-volume/bb8dacb0-7b4b-4134-aedb-76df88c1e377/node_modules/.registry.npmjs.org/unpipe/1.0.0/node_modules/unpipe"
    link: "/rbd/pnpm-volume/bb8dacb0-7b4b-4134-aedb-76df88c1e377/node_modules/.registry.npmjs.org/raw-body/2.3.3/node_modules/unpipe"
  253 debug pnpm:link: 
    target: "/rbd/pnpm-volume/bb8dacb0-7b4b-4134-aedb-76df88c1e377/node_modules/.registry.npmjs.org/debug/2.6.9/node_modules/debug"
    link: "/rbd/pnpm-volume/bb8dacb0-7b4b-4134-aedb-76df88c1e377/node_modules/.registry.npmjs.org/finalhandler/1.1.1/node_modules/debug"
  254 debug pnpm:link: 
    target: "/rbd/pnpm-volume/bb8dacb0-7b4b-4134-aedb-76df88c1e377/node_modules/.registry.npmjs.org/encodeurl/1.0.2/node_modules/encodeurl"
    link: "/rbd/pnpm-volume/bb8dacb0-7b4b-4134-aedb-76df88c1e377/node_modules/.registry.npmjs.org/finalhandler/1.1.1/node_modules/encodeurl"
  255 debug pnpm:link: 
    target: "/rbd/pnpm-volume/bb8dacb0-7b4b-4134-aedb-76df88c1e377/node_modules/.registry.npmjs.org/escape-html/1.0.3/node_modules/escape-html"
    link: "/rbd/pnpm-volume/bb8dacb0-7b4b-4134-aedb-76df88c1e377/node_modules/.registry.npmjs.org/finalhandler/1.1.1/node_modules/escape-html"
  256 debug pnpm:link: 
    target: "/rbd/pnpm-volume/bb8dacb0-7b4b-4134-aedb-76df88c1e377/node_modules/.registry.npmjs.org/on-finished/2.3.0/node_modules/on-finished"
    link: "/rbd/pnpm-volume/bb8dacb0-7b4b-4134-aedb-76df88c1e377/node_modules/.registry.npmjs.org/finalhandler/1.1.1/node_modules/on-finished"
  257 debug pnpm:link: 
    target: "/rbd/pnpm-volume/bb8dacb0-7b4b-4134-aedb-76df88c1e377/node_modules/.registry.npmjs.org/parseurl/1.3.3/node_modules/parseurl"
    link: "/rbd/pnpm-volume/bb8dacb0-7b4b-4134-aedb-76df88c1e377/node_modules/.registry.npmjs.org/finalhandler/1.1.1/node_modules/parseurl"
  258 debug pnpm:link: 
    target: "/rbd/pnpm-volume/bb8dacb0-7b4b-4134-aedb-76df88c1e377/node_modules/.registry.npmjs.org/statuses/1.4.0/node_modules/statuses"
    link: "/rbd/pnpm-volume/bb8dacb0-7b4b-4134-aedb-76df88c1e377/node_modules/.registry.npmjs.org/finalhandler/1.1.1/node_modules/statuses"
  259 debug pnpm:link: 
    target: "/rbd/pnpm-volume/bb8dacb0-7b4b-4134-aedb-76df88c1e377/node_modules/.registry.npmjs.org/unpipe/1.0.0/node_modules/unpipe"
    link: "/rbd/pnpm-volume/bb8dacb0-7b4b-4134-aedb-76df88c1e377/node_modules/.registry.npmjs.org/finalhandler/1.1.1/node_modules/unpipe"
  260 debug pnpm:link: 
    target: "/rbd/pnpm-volume/bb8dacb0-7b4b-4134-aedb-76df88c1e377/node_modules/.registry.npmjs.org/array-flatten/2.1.1/node_modules/array-flatten"
    link: "/rbd/pnpm-volume/bb8dacb0-7b4b-4134-aedb-76df88c1e377/node_modules/.registry.npmjs.org/router/2.0.0-alpha.1/node_modules/array-flatten"
  261 debug pnpm:link: 
    target: "/rbd/pnpm-volume/bb8dacb0-7b4b-4134-aedb-76df88c1e377/node_modules/.registry.npmjs.org/debug/3.1.0/node_modules/debug"
    link: "/rbd/pnpm-volume/bb8dacb0-7b4b-4134-aedb-76df88c1e377/node_modules/.registry.npmjs.org/router/2.0.0-alpha.1/node_modules/debug"
  262 debug pnpm:link: 
    target: "/rbd/pnpm-volume/bb8dacb0-7b4b-4134-aedb-76df88c1e377/node_modules/.registry.npmjs.org/methods/1.1.2/node_modules/methods"
    link: "/rbd/pnpm-volume/bb8dacb0-7b4b-4134-aedb-76df88c1e377/node_modules/.registry.npmjs.org/router/2.0.0-alpha.1/node_modules/methods"
  263 debug pnpm:link: 
    target: "/rbd/pnpm-volume/bb8dacb0-7b4b-4134-aedb-76df88c1e377/node_modules/.registry.npmjs.org/parseurl/1.3.3/node_modules/parseurl"
    link: "/rbd/pnpm-volume/bb8dacb0-7b4b-4134-aedb-76df88c1e377/node_modules/.registry.npmjs.org/router/2.0.0-alpha.1/node_modules/parseurl"
  264 debug pnpm:link: 
    target: "/rbd/pnpm-volume/bb8dacb0-7b4b-4134-aedb-76df88c1e377/node_modules/.registry.npmjs.org/path-to-regexp/0.1.7/node_modules/path-to-regexp"
    link: "/rbd/pnpm-volume/bb8dacb0-7b4b-4134-aedb-76df88c1e377/node_modules/.registry.npmjs.org/router/2.0.0-alpha.1/node_modules/path-to-regexp"
  265 debug pnpm:link: 
    target: "/rbd/pnpm-volume/bb8dacb0-7b4b-4134-aedb-76df88c1e377/node_modules/.registry.npmjs.org/setprototypeof/1.1.0/node_modules/setprototypeof"
    link: "/rbd/pnpm-volume/bb8dacb0-7b4b-4134-aedb-76df88c1e377/node_modules/.registry.npmjs.org/router/2.0.0-alpha.1/node_modules/setprototypeof"
  266 debug pnpm:link: 
    target: "/rbd/pnpm-volume/bb8dacb0-7b4b-4134-aedb-76df88c1e377/node_modules/.registry.npmjs.org/utils-merge/1.0.1/node_modules/utils-merge"
    link: "/rbd/pnpm-volume/bb8dacb0-7b4b-4134-aedb-76df88c1e377/node_modules/.registry.npmjs.org/router/2.0.0-alpha.1/node_modules/utils-merge"
  267 debug pnpm:link: 
    target: "/rbd/pnpm-volume/bb8dacb0-7b4b-4134-aedb-76df88c1e377/node_modules/.registry.npmjs.org/debug/2.6.9/node_modules/debug"
    link: "/rbd/pnpm-volume/bb8dacb0-7b4b-4134-aedb-76df88c1e377/node_modules/.registry.npmjs.org/send/0.16.2/node_modules/debug"
  268 debug pnpm:link: 
    target: "/rbd/pnpm-volume/bb8dacb0-7b4b-4134-aedb-76df88c1e377/node_modules/.registry.npmjs.org/depd/1.1.2/node_modules/depd"
    link: "/rbd/pnpm-volume/bb8dacb0-7b4b-4134-aedb-76df88c1e377/node_modules/.registry.npmjs.org/send/0.16.2/node_modules/depd"
  269 debug pnpm:link: 
    target: "/rbd/pnpm-volume/bb8dacb0-7b4b-4134-aedb-76df88c1e377/node_modules/.registry.npmjs.org/destroy/1.0.4/node_modules/destroy"
    link: "/rbd/pnpm-volume/bb8dacb0-7b4b-4134-aedb-76df88c1e377/node_modules/.registry.npmjs.org/send/0.16.2/node_modules/destroy"
  270 debug pnpm:link: 
    target: "/rbd/pnpm-volume/bb8dacb0-7b4b-4134-aedb-76df88c1e377/node_modules/.registry.npmjs.org/encodeurl/1.0.2/node_modules/encodeurl"
    link: "/rbd/pnpm-volume/bb8dacb0-7b4b-4134-aedb-76df88c1e377/node_modules/.registry.npmjs.org/send/0.16.2/node_modules/encodeurl"
  271 debug pnpm:link: 
    target: "/rbd/pnpm-volume/bb8dacb0-7b4b-4134-aedb-76df88c1e377/node_modules/.registry.npmjs.org/escape-html/1.0.3/node_modules/escape-html"
    link: "/rbd/pnpm-volume/bb8dacb0-7b4b-4134-aedb-76df88c1e377/node_modules/.registry.npmjs.org/send/0.16.2/node_modules/escape-html"
  272 debug pnpm:link: 
    target: "/rbd/pnpm-volume/bb8dacb0-7b4b-4134-aedb-76df88c1e377/node_modules/.registry.npmjs.org/etag/1.8.1/node_modules/etag"
    link: "/rbd/pnpm-volume/bb8dacb0-7b4b-4134-aedb-76df88c1e377/node_modules/.registry.npmjs.org/send/0.16.2/node_modules/etag"
  273 debug pnpm:link: 
    target: "/rbd/pnpm-volume/bb8dacb0-7b4b-4134-aedb-76df88c1e377/node_modules/.registry.npmjs.org/fresh/0.5.2/node_modules/fresh"
    link: "/rbd/pnpm-volume/bb8dacb0-7b4b-4134-aedb-76df88c1e377/node_modules/.registry.npmjs.org/send/0.16.2/node_modules/fresh"
  274 debug pnpm:link: 
    target: "/rbd/pnpm-volume/bb8dacb0-7b4b-4134-aedb-76df88c1e377/node_modules/.registry.npmjs.org/http-errors/1.6.3/node_modules/http-errors"
    link: "/rbd/pnpm-volume/bb8dacb0-7b4b-4134-aedb-76df88c1e377/node_modules/.registry.npmjs.org/send/0.16.2/node_modules/http-errors"
  275 debug pnpm:link: 
    target: "/rbd/pnpm-volume/bb8dacb0-7b4b-4134-aedb-76df88c1e377/node_modules/.registry.npmjs.org/mime/1.4.1/node_modules/mime"
    link: "/rbd/pnpm-volume/bb8dacb0-7b4b-4134-aedb-76df88c1e377/node_modules/.registry.npmjs.org/send/0.16.2/node_modules/mime"
  276 debug pnpm:link: 
    target: "/rbd/pnpm-volume/bb8dacb0-7b4b-4134-aedb-76df88c1e377/node_modules/.registry.npmjs.org/ms/2.0.0/node_modules/ms"
    link: "/rbd/pnpm-volume/bb8dacb0-7b4b-4134-aedb-76df88c1e377/node_modules/.registry.npmjs.org/send/0.16.2/node_modules/ms"
  277 debug pnpm:link: 
    target: "/rbd/pnpm-volume/bb8dacb0-7b4b-4134-aedb-76df88c1e377/node_modules/.registry.npmjs.org/on-finished/2.3.0/node_modules/on-finished"
    link: "/rbd/pnpm-volume/bb8dacb0-7b4b-4134-aedb-76df88c1e377/node_modules/.registry.npmjs.org/send/0.16.2/node_modules/on-finished"
  278 debug pnpm:link: 
    target: "/rbd/pnpm-volume/bb8dacb0-7b4b-4134-aedb-76df88c1e377/node_modules/.registry.npmjs.org/range-parser/1.2.1/node_modules/range-parser"
    link: "/rbd/pnpm-volume/bb8dacb0-7b4b-4134-aedb-76df88c1e377/node_modules/.registry.npmjs.org/send/0.16.2/node_modules/range-parser"
  279 debug pnpm:link: 
    target: "/rbd/pnpm-volume/bb8dacb0-7b4b-4134-aedb-76df88c1e377/node_modules/.registry.npmjs.org/statuses/1.4.0/node_modules/statuses"
    link: "/rbd/pnpm-volume/bb8dacb0-7b4b-4134-aedb-76df88c1e377/node_modules/.registry.npmjs.org/send/0.16.2/node_modules/statuses"
  280 debug pnpm:link: 
    target: "/rbd/pnpm-volume/bb8dacb0-7b4b-4134-aedb-76df88c1e377/node_modules/.registry.npmjs.org/encodeurl/1.0.2/node_modules/encodeurl"
    link: "/rbd/pnpm-volume/bb8dacb0-7b4b-4134-aedb-76df88c1e377/node_modules/.registry.npmjs.org/serve-static/1.13.2/node_modules/encodeurl"
  281 debug pnpm:link: 
    target: "/rbd/pnpm-volume/bb8dacb0-7b4b-4134-aedb-76df88c1e377/node_modules/.registry.npmjs.org/escape-html/1.0.3/node_modules/escape-html"
    link: "/rbd/pnpm-volume/bb8dacb0-7b4b-4134-aedb-76df88c1e377/node_modules/.registry.npmjs.org/serve-static/1.13.2/node_modules/escape-html"
  282 debug pnpm:link: 
    target: "/rbd/pnpm-volume/bb8dacb0-7b4b-4134-aedb-76df88c1e377/node_modules/.registry.npmjs.org/parseurl/1.3.3/node_modules/parseurl"
    link: "/rbd/pnpm-volume/bb8dacb0-7b4b-4134-aedb-76df88c1e377/node_modules/.registry.npmjs.org/serve-static/1.13.2/node_modules/parseurl"
  283 debug pnpm:link: 
    target: "/rbd/pnpm-volume/bb8dacb0-7b4b-4134-aedb-76df88c1e377/node_modules/.registry.npmjs.org/send/0.16.2/node_modules/send"
    link: "/rbd/pnpm-volume/bb8dacb0-7b4b-4134-aedb-76df88c1e377/node_modules/.registry.npmjs.org/serve-static/1.13.2/node_modules/send"
  284 debug pnpm:link: 
    target: "/rbd/pnpm-volume/bb8dacb0-7b4b-4134-aedb-76df88c1e377/node_modules/.registry.npmjs.org/bson/1.1.1/node_modules/bson"
    link: "/rbd/pnpm-volume/bb8dacb0-7b4b-4134-aedb-76df88c1e377/node_modules/.registry.npmjs.org/mongodb/3.3.2/node_modules/bson"
  285 debug pnpm:link: 
    target: "/rbd/pnpm-volume/bb8dacb0-7b4b-4134-aedb-76df88c1e377/node_modules/.registry.npmjs.org/require_optional/1.0.1/node_modules/require_optional"
    link: "/rbd/pnpm-volume/bb8dacb0-7b4b-4134-aedb-76df88c1e377/node_modules/.registry.npmjs.org/mongodb/3.3.2/node_modules/require_optional"
  286 debug pnpm:link: 
    target: "/rbd/pnpm-volume/bb8dacb0-7b4b-4134-aedb-76df88c1e377/node_modules/.registry.npmjs.org/safe-buffer/5.2.0/node_modules/safe-buffer"
    link: "/rbd/pnpm-volume/bb8dacb0-7b4b-4134-aedb-76df88c1e377/node_modules/.registry.npmjs.org/mongodb/3.3.2/node_modules/safe-buffer"
  287 debug pnpm:stage: 
    prefix: "/app"
    stage: "importing_done"
  288 debug pnpm:link: 
    target: "/rbd/pnpm-volume/bb8dacb0-7b4b-4134-aedb-76df88c1e377/node_modules/.registry.npmjs.org/express/5.0.0-alpha.7/node_modules/express"
    link: "/rbd/pnpm-volume/bb8dacb0-7b4b-4134-aedb-76df88c1e377/node_modules/express"
  289 debug pnpm:link: 
    target: "/rbd/pnpm-volume/bb8dacb0-7b4b-4134-aedb-76df88c1e377/node_modules/.registry.npmjs.org/mongodb/3.3.2/node_modules/mongodb"
    link: "/rbd/pnpm-volume/bb8dacb0-7b4b-4134-aedb-76df88c1e377/node_modules/mongodb"
  290 debug pnpm:link: 
    target: "/rbd/pnpm-volume/bb8dacb0-7b4b-4134-aedb-76df88c1e377/node_modules/.registry.npmjs.org/mongoose/5.6.11/node_modules/mongoose"
    link: "/rbd/pnpm-volume/bb8dacb0-7b4b-4134-aedb-76df88c1e377/node_modules/mongoose"
  291 debug pnpm:link: 
    target: "/rbd/pnpm-volume/bb8dacb0-7b4b-4134-aedb-76df88c1e377/node_modules/.registry.npmjs.org/cors/2.8.5/node_modules/cors"
    link: "/rbd/pnpm-volume/bb8dacb0-7b4b-4134-aedb-76df88c1e377/node_modules/cors"
  292 debug pnpm:link: 
    target: "/rbd/pnpm-volume/bb8dacb0-7b4b-4134-aedb-76df88c1e377/node_modules/.registry.npmjs.org/body-parser/1.19.0/node_modules/body-parser"
    link: "/rbd/pnpm-volume/bb8dacb0-7b4b-4134-aedb-76df88c1e377/node_modules/body-parser"
  293 debug pnpm:root: 
    added: 
      dependencyType: "prod"
      id: "registry.npmjs.org/express/5.0.0-alpha.7"
      latest: "4.17.1"
      name: "express"
      realName: "express"
      version: "5.0.0-alpha.7"
    prefix: "/app"
  294 debug pnpm:root: 
    added: 
      dependencyType: "prod"
      id: "registry.npmjs.org/mongodb/3.3.2"
      name: "mongodb"
      realName: "mongodb"
      version: "3.3.2"
    prefix: "/app"
  295 debug pnpm:link: 
    target: "/rbd/pnpm-volume/bb8dacb0-7b4b-4134-aedb-76df88c1e377/node_modules/.registry.npmjs.org/accepts/1.3.7/node_modules/accepts"
    link: "/rbd/pnpm-volume/bb8dacb0-7b4b-4134-aedb-76df88c1e377/node_modules/accepts"
  296 debug pnpm:link: 
    target: "/rbd/pnpm-volume/bb8dacb0-7b4b-4134-aedb-76df88c1e377/node_modules/.registry.npmjs.org/array-flatten/2.1.1/node_modules/array-flatten"
    link: "/rbd/pnpm-volume/bb8dacb0-7b4b-4134-aedb-76df88c1e377/node_modules/array-flatten"
  297 debug pnpm:link: 
    target: "/rbd/pnpm-volume/bb8dacb0-7b4b-4134-aedb-76df88c1e377/node_modules/.registry.npmjs.org/async/2.6.2/node_modules/async"
    link: "/rbd/pnpm-volume/bb8dacb0-7b4b-4134-aedb-76df88c1e377/node_modules/async"
  298 debug pnpm:link: 
    target: "/rbd/pnpm-volume/bb8dacb0-7b4b-4134-aedb-76df88c1e377/node_modules/.registry.npmjs.org/bson/1.1.1/node_modules/bson"
    link: "/rbd/pnpm-volume/bb8dacb0-7b4b-4134-aedb-76df88c1e377/node_modules/bson"
  299 debug pnpm:link: 
    target: "/rbd/pnpm-volume/bb8dacb0-7b4b-4134-aedb-76df88c1e377/node_modules/.registry.npmjs.org/bytes/3.1.0/node_modules/bytes"
    link: "/rbd/pnpm-volume/bb8dacb0-7b4b-4134-aedb-76df88c1e377/node_modules/bytes"
  300 debug pnpm:link: 
    target: "/rbd/pnpm-volume/bb8dacb0-7b4b-4134-aedb-76df88c1e377/node_modules/.registry.npmjs.org/content-disposition/0.5.2/node_modules/content-disposition"
    link: "/rbd/pnpm-volume/bb8dacb0-7b4b-4134-aedb-76df88c1e377/node_modules/content-disposition"
  301 debug pnpm:link: 
    target: "/rbd/pnpm-volume/bb8dacb0-7b4b-4134-aedb-76df88c1e377/node_modules/.registry.npmjs.org/content-type/1.0.4/node_modules/content-type"
    link: "/rbd/pnpm-volume/bb8dacb0-7b4b-4134-aedb-76df88c1e377/node_modules/content-type"
  302 debug pnpm:link: 
    target: "/rbd/pnpm-volume/bb8dacb0-7b4b-4134-aedb-76df88c1e377/node_modules/.registry.npmjs.org/cookie/0.3.1/node_modules/cookie"
    link: "/rbd/pnpm-volume/bb8dacb0-7b4b-4134-aedb-76df88c1e377/node_modules/cookie"
  303 debug pnpm:link: 
    target: "/rbd/pnpm-volume/bb8dacb0-7b4b-4134-aedb-76df88c1e377/node_modules/.registry.npmjs.org/cookie-signature/1.0.6/node_modules/cookie-signature"
    link: "/rbd/pnpm-volume/bb8dacb0-7b4b-4134-aedb-76df88c1e377/node_modules/cookie-signature"
  304 debug pnpm:link: 
    target: "/rbd/pnpm-volume/bb8dacb0-7b4b-4134-aedb-76df88c1e377/node_modules/.registry.npmjs.org/debug/2.6.9/node_modules/debug"
    link: "/rbd/pnpm-volume/bb8dacb0-7b4b-4134-aedb-76df88c1e377/node_modules/debug"
  305 debug pnpm:link: 
    target: "/rbd/pnpm-volume/bb8dacb0-7b4b-4134-aedb-76df88c1e377/node_modules/.registry.npmjs.org/depd/1.1.2/node_modules/depd"
    link: "/rbd/pnpm-volume/bb8dacb0-7b4b-4134-aedb-76df88c1e377/node_modules/depd"
  306 debug pnpm:link: 
    target: "/rbd/pnpm-volume/bb8dacb0-7b4b-4134-aedb-76df88c1e377/node_modules/.registry.npmjs.org/encodeurl/1.0.2/node_modules/encodeurl"
    link: "/rbd/pnpm-volume/bb8dacb0-7b4b-4134-aedb-76df88c1e377/node_modules/encodeurl"
  307 debug pnpm:link: 
    target: "/rbd/pnpm-volume/bb8dacb0-7b4b-4134-aedb-76df88c1e377/node_modules/.registry.npmjs.org/escape-html/1.0.3/node_modules/escape-html"
    link: "/rbd/pnpm-volume/bb8dacb0-7b4b-4134-aedb-76df88c1e377/node_modules/escape-html"
  308 debug pnpm:link: 
    target: "/rbd/pnpm-volume/bb8dacb0-7b4b-4134-aedb-76df88c1e377/node_modules/.registry.npmjs.org/etag/1.8.1/node_modules/etag"
    link: "/rbd/pnpm-volume/bb8dacb0-7b4b-4134-aedb-76df88c1e377/node_modules/etag"
  309 debug pnpm:link: 
    target: "/rbd/pnpm-volume/bb8dacb0-7b4b-4134-aedb-76df88c1e377/node_modules/.registry.npmjs.org/finalhandler/1.1.1/node_modules/finalhandler"
    link: "/rbd/pnpm-volume/bb8dacb0-7b4b-4134-aedb-76df88c1e377/node_modules/finalhandler"
  310 debug pnpm:link: 
    target: "/rbd/pnpm-volume/bb8dacb0-7b4b-4134-aedb-76df88c1e377/node_modules/.registry.npmjs.org/fresh/0.5.2/node_modules/fresh"
    link: "/rbd/pnpm-volume/bb8dacb0-7b4b-4134-aedb-76df88c1e377/node_modules/fresh"
  311 debug pnpm:link: 
    target: "/rbd/pnpm-volume/bb8dacb0-7b4b-4134-aedb-76df88c1e377/node_modules/.registry.npmjs.org/http-errors/1.7.2/node_modules/http-errors"
    link: "/rbd/pnpm-volume/bb8dacb0-7b4b-4134-aedb-76df88c1e377/node_modules/http-errors"
  312 debug pnpm:link: 
    target: "/rbd/pnpm-volume/bb8dacb0-7b4b-4134-aedb-76df88c1e377/node_modules/.registry.npmjs.org/iconv-lite/0.4.24/node_modules/iconv-lite"
    link: "/rbd/pnpm-volume/bb8dacb0-7b4b-4134-aedb-76df88c1e377/node_modules/iconv-lite"
  313 debug pnpm:link: 
    target: "/rbd/pnpm-volume/bb8dacb0-7b4b-4134-aedb-76df88c1e377/node_modules/.registry.npmjs.org/kareem/2.3.1/node_modules/kareem"
    link: "/rbd/pnpm-volume/bb8dacb0-7b4b-4134-aedb-76df88c1e377/node_modules/kareem"
  314 debug pnpm:link: 
    target: "/rbd/pnpm-volume/bb8dacb0-7b4b-4134-aedb-76df88c1e377/node_modules/.registry.npmjs.org/merge-descriptors/1.0.1/node_modules/merge-descriptors"
    link: "/rbd/pnpm-volume/bb8dacb0-7b4b-4134-aedb-76df88c1e377/node_modules/merge-descriptors"
  315 debug pnpm:link: 
    target: "/rbd/pnpm-volume/bb8dacb0-7b4b-4134-aedb-76df88c1e377/node_modules/.registry.npmjs.org/methods/1.1.2/node_modules/methods"
    link: "/rbd/pnpm-volume/bb8dacb0-7b4b-4134-aedb-76df88c1e377/node_modules/methods"
  316 debug pnpm:link: 
    target: "/rbd/pnpm-volume/bb8dacb0-7b4b-4134-aedb-76df88c1e377/node_modules/.registry.npmjs.org/mongodb-core/3.2.7/node_modules/mongodb-core"
    link: "/rbd/pnpm-volume/bb8dacb0-7b4b-4134-aedb-76df88c1e377/node_modules/mongodb-core"
  317 debug pnpm:link: 
    target: "/rbd/pnpm-volume/bb8dacb0-7b4b-4134-aedb-76df88c1e377/node_modules/.registry.npmjs.org/mongoose-legacy-pluralize/1.0.2/node_modules/mongoose-legacy-pluralize"
    link: "/rbd/pnpm-volume/bb8dacb0-7b4b-4134-aedb-76df88c1e377/node_modules/mongoose-legacy-pluralize"
  318 debug pnpm:link: 
    target: "/rbd/pnpm-volume/bb8dacb0-7b4b-4134-aedb-76df88c1e377/node_modules/.registry.npmjs.org/mpath/0.6.0/node_modules/mpath"
    link: "/rbd/pnpm-volume/bb8dacb0-7b4b-4134-aedb-76df88c1e377/node_modules/mpath"
  319 debug pnpm:link: 
    target: "/rbd/pnpm-volume/bb8dacb0-7b4b-4134-aedb-76df88c1e377/node_modules/.registry.npmjs.org/mquery/3.2.1/node_modules/mquery"
    link: "/rbd/pnpm-volume/bb8dacb0-7b4b-4134-aedb-76df88c1e377/node_modules/mquery"
  320 debug pnpm:link: 
    target: "/rbd/pnpm-volume/bb8dacb0-7b4b-4134-aedb-76df88c1e377/node_modules/.registry.npmjs.org/ms/2.1.2/node_modules/ms"
    link: "/rbd/pnpm-volume/bb8dacb0-7b4b-4134-aedb-76df88c1e377/node_modules/ms"
  321 debug pnpm:link: 
    target: "/rbd/pnpm-volume/bb8dacb0-7b4b-4134-aedb-76df88c1e377/node_modules/.registry.npmjs.org/object-assign/4.1.1/node_modules/object-assign"
    link: "/rbd/pnpm-volume/bb8dacb0-7b4b-4134-aedb-76df88c1e377/node_modules/object-assign"
  322 debug pnpm:link: 
    target: "/rbd/pnpm-volume/bb8dacb0-7b4b-4134-aedb-76df88c1e377/node_modules/.registry.npmjs.org/on-finished/2.3.0/node_modules/on-finished"
    link: "/rbd/pnpm-volume/bb8dacb0-7b4b-4134-aedb-76df88c1e377/node_modules/on-finished"
  323 debug pnpm:link: 
    target: "/rbd/pnpm-volume/bb8dacb0-7b4b-4134-aedb-76df88c1e377/node_modules/.registry.npmjs.org/parseurl/1.3.3/node_modules/parseurl"
    link: "/rbd/pnpm-volume/bb8dacb0-7b4b-4134-aedb-76df88c1e377/node_modules/parseurl"
  324 debug pnpm:link: 
    target: "/rbd/pnpm-volume/bb8dacb0-7b4b-4134-aedb-76df88c1e377/node_modules/.registry.npmjs.org/path-is-absolute/1.0.1/node_modules/path-is-absolute"
    link: "/rbd/pnpm-volume/bb8dacb0-7b4b-4134-aedb-76df88c1e377/node_modules/path-is-absolute"
  325 debug pnpm:link: 
    target: "/rbd/pnpm-volume/bb8dacb0-7b4b-4134-aedb-76df88c1e377/node_modules/.registry.npmjs.org/proxy-addr/2.0.5/node_modules/proxy-addr"
    link: "/rbd/pnpm-volume/bb8dacb0-7b4b-4134-aedb-76df88c1e377/node_modules/proxy-addr"
  326 debug pnpm:link: 
    target: "/rbd/pnpm-volume/bb8dacb0-7b4b-4134-aedb-76df88c1e377/node_modules/.registry.npmjs.org/qs/6.7.0/node_modules/qs"
    link: "/rbd/pnpm-volume/bb8dacb0-7b4b-4134-aedb-76df88c1e377/node_modules/qs"
  327 debug pnpm:link: 
    target: "/rbd/pnpm-volume/bb8dacb0-7b4b-4134-aedb-76df88c1e377/node_modules/.registry.npmjs.org/range-parser/1.2.1/node_modules/range-parser"
    link: "/rbd/pnpm-volume/bb8dacb0-7b4b-4134-aedb-76df88c1e377/node_modules/range-parser"
  328 debug pnpm:link: 
    target: "/rbd/pnpm-volume/bb8dacb0-7b4b-4134-aedb-76df88c1e377/node_modules/.registry.npmjs.org/raw-body/2.4.0/node_modules/raw-body"
    link: "/rbd/pnpm-volume/bb8dacb0-7b4b-4134-aedb-76df88c1e377/node_modules/raw-body"
  329 debug pnpm:link: 
    target: "/rbd/pnpm-volume/bb8dacb0-7b4b-4134-aedb-76df88c1e377/node_modules/.registry.npmjs.org/regexp-clone/1.0.0/node_modules/regexp-clone"
    link: "/rbd/pnpm-volume/bb8dacb0-7b4b-4134-aedb-76df88c1e377/node_modules/regexp-clone"
  330 debug pnpm:link: 
    target: "/rbd/pnpm-volume/bb8dacb0-7b4b-4134-aedb-76df88c1e377/node_modules/.registry.npmjs.org/require_optional/1.0.1/node_modules/require_optional"
    link: "/rbd/pnpm-volume/bb8dacb0-7b4b-4134-aedb-76df88c1e377/node_modules/require_optional"
  331 debug pnpm:link: 
    target: "/rbd/pnpm-volume/bb8dacb0-7b4b-4134-aedb-76df88c1e377/node_modules/.registry.npmjs.org/router/2.0.0-alpha.1/node_modules/router"
    link: "/rbd/pnpm-volume/bb8dacb0-7b4b-4134-aedb-76df88c1e377/node_modules/router"
  332 debug pnpm:link: 
    target: "/rbd/pnpm-volume/bb8dacb0-7b4b-4134-aedb-76df88c1e377/node_modules/.registry.npmjs.org/safe-buffer/5.1.2/node_modules/safe-buffer"
    link: "/rbd/pnpm-volume/bb8dacb0-7b4b-4134-aedb-76df88c1e377/node_modules/safe-buffer"
  333 debug pnpm:link: 
    target: "/rbd/pnpm-volume/bb8dacb0-7b4b-4134-aedb-76df88c1e377/node_modules/.registry.npmjs.org/send/0.16.2/node_modules/send"
    link: "/rbd/pnpm-volume/bb8dacb0-7b4b-4134-aedb-76df88c1e377/node_modules/send"
  334 debug pnpm:link: 
    target: "/rbd/pnpm-volume/bb8dacb0-7b4b-4134-aedb-76df88c1e377/node_modules/.registry.npmjs.org/serve-static/1.13.2/node_modules/serve-static"
    link: "/rbd/pnpm-volume/bb8dacb0-7b4b-4134-aedb-76df88c1e377/node_modules/serve-static"
  335 debug pnpm:link: 
    target: "/rbd/pnpm-volume/bb8dacb0-7b4b-4134-aedb-76df88c1e377/node_modules/.registry.npmjs.org/setprototypeof/1.1.0/node_modules/setprototypeof"
    link: "/rbd/pnpm-volume/bb8dacb0-7b4b-4134-aedb-76df88c1e377/node_modules/setprototypeof"
  336 debug pnpm:link: 
    target: "/rbd/pnpm-volume/bb8dacb0-7b4b-4134-aedb-76df88c1e377/node_modules/.registry.npmjs.org/sift/7.0.1/node_modules/sift"
    link: "/rbd/pnpm-volume/bb8dacb0-7b4b-4134-aedb-76df88c1e377/node_modules/sift"
  337 debug pnpm:link: 
    target: "/rbd/pnpm-volume/bb8dacb0-7b4b-4134-aedb-76df88c1e377/node_modules/.registry.npmjs.org/sliced/1.0.1/node_modules/sliced"
    link: "/rbd/pnpm-volume/bb8dacb0-7b4b-4134-aedb-76df88c1e377/node_modules/sliced"
  338 debug pnpm:link: 
    target: "/rbd/pnpm-volume/bb8dacb0-7b4b-4134-aedb-76df88c1e377/node_modules/.registry.npmjs.org/statuses/1.4.0/node_modules/statuses"
    link: "/rbd/pnpm-volume/bb8dacb0-7b4b-4134-aedb-76df88c1e377/node_modules/statuses"
  339 debug pnpm:link: 
    target: "/rbd/pnpm-volume/bb8dacb0-7b4b-4134-aedb-76df88c1e377/node_modules/.registry.npmjs.org/type-is/1.6.18/node_modules/type-is"
    link: "/rbd/pnpm-volume/bb8dacb0-7b4b-4134-aedb-76df88c1e377/node_modules/type-is"
  340 debug pnpm:link: 
    target: "/rbd/pnpm-volume/bb8dacb0-7b4b-4134-aedb-76df88c1e377/node_modules/.registry.npmjs.org/utils-merge/1.0.1/node_modules/utils-merge"
    link: "/rbd/pnpm-volume/bb8dacb0-7b4b-4134-aedb-76df88c1e377/node_modules/utils-merge"
  341 debug pnpm:link: 
    target: "/rbd/pnpm-volume/bb8dacb0-7b4b-4134-aedb-76df88c1e377/node_modules/.registry.npmjs.org/vary/1.1.2/node_modules/vary"
    link: "/rbd/pnpm-volume/bb8dacb0-7b4b-4134-aedb-76df88c1e377/node_modules/vary"
  342 debug pnpm:link: 
    target: "/rbd/pnpm-volume/bb8dacb0-7b4b-4134-aedb-76df88c1e377/node_modules/.registry.npmjs.org/bluebird/3.5.1/node_modules/bluebird"
    link: "/rbd/pnpm-volume/bb8dacb0-7b4b-4134-aedb-76df88c1e377/node_modules/bluebird"
  343 debug pnpm:link: 
    target: "/rbd/pnpm-volume/bb8dacb0-7b4b-4134-aedb-76df88c1e377/node_modules/.registry.npmjs.org/destroy/1.0.4/node_modules/destroy"
    link: "/rbd/pnpm-volume/bb8dacb0-7b4b-4134-aedb-76df88c1e377/node_modules/destroy"
  344 debug pnpm:link: 
    target: "/rbd/pnpm-volume/bb8dacb0-7b4b-4134-aedb-76df88c1e377/node_modules/.registry.npmjs.org/ee-first/1.1.1/node_modules/ee-first"
    link: "/rbd/pnpm-volume/bb8dacb0-7b4b-4134-aedb-76df88c1e377/node_modules/ee-first"
  345 debug pnpm:link: 
    target: "/rbd/pnpm-volume/bb8dacb0-7b4b-4134-aedb-76df88c1e377/node_modules/.registry.npmjs.org/forwarded/0.1.2/node_modules/forwarded"
    link: "/rbd/pnpm-volume/bb8dacb0-7b4b-4134-aedb-76df88c1e377/node_modules/forwarded"
  346 debug pnpm:link: 
    target: "/rbd/pnpm-volume/bb8dacb0-7b4b-4134-aedb-76df88c1e377/node_modules/.registry.npmjs.org/inherits/2.0.3/node_modules/inherits"
    link: "/rbd/pnpm-volume/bb8dacb0-7b4b-4134-aedb-76df88c1e377/node_modules/inherits"
  347 debug pnpm:link: 
    target: "/rbd/pnpm-volume/bb8dacb0-7b4b-4134-aedb-76df88c1e377/node_modules/.registry.npmjs.org/ipaddr.js/1.9.0/node_modules/ipaddr.js"
    link: "/rbd/pnpm-volume/bb8dacb0-7b4b-4134-aedb-76df88c1e377/node_modules/ipaddr.js"
  348 debug pnpm:link: 
    target: "/rbd/pnpm-volume/bb8dacb0-7b4b-4134-aedb-76df88c1e377/node_modules/.registry.npmjs.org/lodash/4.17.15/node_modules/lodash"
    link: "/rbd/pnpm-volume/bb8dacb0-7b4b-4134-aedb-76df88c1e377/node_modules/lodash"
  349 debug pnpm:link: 
    target: "/rbd/pnpm-volume/bb8dacb0-7b4b-4134-aedb-76df88c1e377/node_modules/.registry.npmjs.org/media-typer/0.3.0/node_modules/media-typer"
    link: "/rbd/pnpm-volume/bb8dacb0-7b4b-4134-aedb-76df88c1e377/node_modules/media-typer"
  350 debug pnpm:link: 
    target: "/rbd/pnpm-volume/bb8dacb0-7b4b-4134-aedb-76df88c1e377/node_modules/.registry.npmjs.org/mime/1.4.1/node_modules/mime"
    link: "/rbd/pnpm-volume/bb8dacb0-7b4b-4134-aedb-76df88c1e377/node_modules/mime"
  351 debug pnpm:link: 
    target: "/rbd/pnpm-volume/bb8dacb0-7b4b-4134-aedb-76df88c1e377/node_modules/.registry.npmjs.org/mime-types/2.1.24/node_modules/mime-types"
    link: "/rbd/pnpm-volume/bb8dacb0-7b4b-4134-aedb-76df88c1e377/node_modules/mime-types"
  352 debug pnpm:link: 
    target: "/rbd/pnpm-volume/bb8dacb0-7b4b-4134-aedb-76df88c1e377/node_modules/.registry.npmjs.org/negotiator/0.6.2/node_modules/negotiator"
    link: "/rbd/pnpm-volume/bb8dacb0-7b4b-4134-aedb-76df88c1e377/node_modules/negotiator"
  353 debug pnpm:link: 
    target: "/rbd/pnpm-volume/bb8dacb0-7b4b-4134-aedb-76df88c1e377/node_modules/.registry.npmjs.org/path-to-regexp/0.1.7/node_modules/path-to-regexp"
    link: "/rbd/pnpm-volume/bb8dacb0-7b4b-4134-aedb-76df88c1e377/node_modules/path-to-regexp"
  354 debug pnpm:link: 
    target: "/rbd/pnpm-volume/bb8dacb0-7b4b-4134-aedb-76df88c1e377/node_modules/.registry.npmjs.org/resolve-from/2.0.0/node_modules/resolve-from"
    link: "/rbd/pnpm-volume/bb8dacb0-7b4b-4134-aedb-76df88c1e377/node_modules/resolve-from"
  355 debug pnpm:link: 
    target: "/rbd/pnpm-volume/bb8dacb0-7b4b-4134-aedb-76df88c1e377/node_modules/.registry.npmjs.org/safer-buffer/2.1.2/node_modules/safer-buffer"
    link: "/rbd/pnpm-volume/bb8dacb0-7b4b-4134-aedb-76df88c1e377/node_modules/safer-buffer"
  356 debug pnpm:link: 
    target: "/rbd/pnpm-volume/bb8dacb0-7b4b-4134-aedb-76df88c1e377/node_modules/.registry.npmjs.org/saslprep/1.0.3/node_modules/saslprep"
    link: "/rbd/pnpm-volume/bb8dacb0-7b4b-4134-aedb-76df88c1e377/node_modules/saslprep"
  357 debug pnpm:link: 
    target: "/rbd/pnpm-volume/bb8dacb0-7b4b-4134-aedb-76df88c1e377/node_modules/.registry.npmjs.org/semver/5.7.1/node_modules/semver"
    link: "/rbd/pnpm-volume/bb8dacb0-7b4b-4134-aedb-76df88c1e377/node_modules/semver"
  358 debug pnpm:link: 
    target: "/rbd/pnpm-volume/bb8dacb0-7b4b-4134-aedb-76df88c1e377/node_modules/.registry.npmjs.org/toidentifier/1.0.0/node_modules/toidentifier"
    link: "/rbd/pnpm-volume/bb8dacb0-7b4b-4134-aedb-76df88c1e377/node_modules/toidentifier"
  359 debug pnpm:link: 
    target: "/rbd/pnpm-volume/bb8dacb0-7b4b-4134-aedb-76df88c1e377/node_modules/.registry.npmjs.org/unpipe/1.0.0/node_modules/unpipe"
    link: "/rbd/pnpm-volume/bb8dacb0-7b4b-4134-aedb-76df88c1e377/node_modules/unpipe"
  360 debug pnpm:link: 
    target: "/rbd/pnpm-volume/bb8dacb0-7b4b-4134-aedb-76df88c1e377/node_modules/.registry.npmjs.org/mime-db/1.40.0/node_modules/mime-db"
    link: "/rbd/pnpm-volume/bb8dacb0-7b4b-4134-aedb-76df88c1e377/node_modules/mime-db"
  361 debug pnpm:link: 
    target: "/rbd/pnpm-volume/bb8dacb0-7b4b-4134-aedb-76df88c1e377/node_modules/.registry.npmjs.org/sparse-bitfield/3.0.3/node_modules/sparse-bitfield"
    link: "/rbd/pnpm-volume/bb8dacb0-7b4b-4134-aedb-76df88c1e377/node_modules/sparse-bitfield"
  362 debug pnpm:link: 
    target: "/rbd/pnpm-volume/bb8dacb0-7b4b-4134-aedb-76df88c1e377/node_modules/.registry.npmjs.org/memory-pager/1.5.0/node_modules/memory-pager"
    link: "/rbd/pnpm-volume/bb8dacb0-7b4b-4134-aedb-76df88c1e377/node_modules/memory-pager"
  363 error pnpm: 
    message: 
      errno: -2
      code: "ENOENT"
      syscall: "chmod"
      path: "/rbd/pnpm-volume/bb8dacb0-7b4b-4134-aedb-76df88c1e377/node_modules/node/bin/node"
    err: 
      name: "Error"
      message: "ENOENT: no such file or directory, chmod '/rbd/pnpm-volume/bb8dacb0-7b4b-4134-aedb-76df88c1e377/node_modules/node/bin/node'"
      code: "ENOENT"
      stack: "Error: ENOENT: no such file or directory, chmod '/rbd/pnpm-volume/bb8dacb0-7b4b-4134-aedb-76df88c1e377/node_modules/node/bin/node'"
